[debug] [2019-12-03T23:45:13.867Z] ----------------------------------------------------------------------
[debug] [2019-12-03T23:45:13.869Z] Command:       /usr/local/google/home/kangyizhang/.nvm/versions/node/v8.14.0/bin/node /usr/local/google/home/kangyizhang/.nvm/versions/node/v8.14.0/bin/firebase serve
[debug] [2019-12-03T23:45:13.870Z] CLI Version:   7.8.1
[debug] [2019-12-03T23:45:13.870Z] Platform:      linux
[debug] [2019-12-03T23:45:13.870Z] Node Version:  v8.14.0
[debug] [2019-12-03T23:45:13.870Z] Time:          Tue Dec 03 2019 15:45:13 GMT-0800 (PST)
[debug] [2019-12-03T23:45:13.870Z] ----------------------------------------------------------------------
[debug] [2019-12-03T23:45:13.870Z] 
[debug] [2019-12-03T23:45:13.875Z] > command requires scopes: ["email","openid","https://www.googleapis.com/auth/cloudplatformprojects.readonly","https://www.googleapis.com/auth/firebase","https://www.googleapis.com/auth/cloud-platform"]
[debug] [2019-12-03T23:45:13.875Z] > authorizing via signed-in user
[debug] [2019-12-03T23:45:13.875Z] [iam] checking project tfjs-node-savedmodel for permissions ["firebase.projects.get"]
[debug] [2019-12-03T23:45:13.876Z] >>> HTTP REQUEST POST https://cloudresourcemanager.googleapis.com/v1/projects/tfjs-node-savedmodel:testIamPermissions  

[debug] [2019-12-03T23:45:14.327Z] <<< HTTP RESPONSE 200
[debug] [2019-12-03T23:45:14.330Z] >>> HTTP REQUEST GET https://firebase.googleapis.com/v1beta1/projects/tfjs-node-savedmodel  
 
[debug] [2019-12-03T23:45:14.552Z] <<< HTTP RESPONSE 200
[info] 
[info] === Serving from '/usr/local/google/home/kangyizhang/tensorflow/tfjs-examples/firebase-object-detection-node'...
[info] 
[debug] [2019-12-03T23:45:14.559Z] >>> HTTP REQUEST GET https://firebase.googleapis.com/v1beta1/projects/tfjs-node-savedmodel/webApps/-/config  
 
[info] ✔  functions: Using node@8 from host.
[info] ✔  functions: Emulator started at http://localhost:5001
[debug] [2019-12-03T23:45:14.964Z] <<< HTTP RESPONSE 200
[info] i  functions: Watching "/usr/local/google/home/kangyizhang/tensorflow/tfjs-examples/firebase-object-detection-node/functions" for Cloud Functions...
[debug] [2019-12-03T23:45:14.993Z] [worker-~diagnostic~-12768d8c-8fff-4dc4-93c9-12ab9302fcf4]: Assigning socketPath: /tmp/fire_emu_181639.sock
[debug] [2019-12-03T23:45:14.994Z] [worker-~diagnostic~-12768d8c-8fff-4dc4-93c9-12ab9302fcf4]: BUSY
[info] i  hosting: Serving hosting files from: public
[info] ✔  hosting: Local server: http://localhost:5000
[debug] [2019-12-03T23:45:15.214Z] [runtime-status] [181639] Functions runtime initialized. {"cwd":"/usr/local/google/home/kangyizhang/tensorflow/tfjs-examples/firebase-object-detection-node/functions","node_version":"8.14.0"}
[debug] [2019-12-03T23:45:15.215Z] [runtime-status] [181639] Disabled runtime features: {"functions_config_helper":true,"network_filtering":true,"timeout":true,"memory_limiting":true,"admin_stubs":true,"pubsub_emulator":true}
[debug] [2019-12-03T23:45:15.215Z] [runtime-status] [181639] Resolved module firebase-admin {"declared":true,"installed":true,"version":"8.8.0","resolution":"/usr/local/google/home/kangyizhang/tensorflow/tfjs-examples/firebase-object-detection-node/functions/node_modules/firebase-admin/lib/index.js"}
[debug] [2019-12-03T23:45:15.216Z] [runtime-status] [181639] Resolved module firebase-functions {"declared":true,"installed":true,"version":"3.3.0","resolution":"/usr/local/google/home/kangyizhang/tensorflow/tfjs-examples/firebase-object-detection-node/functions/node_modules/firebase-functions/lib/index.js"}
[debug] [2019-12-03T23:45:15.217Z] [runtime-status] [181639] Resolved module firebase-functions {"declared":true,"installed":true,"version":"3.3.0","resolution":"/usr/local/google/home/kangyizhang/tensorflow/tfjs-examples/firebase-object-detection-node/functions/node_modules/firebase-functions/lib/index.js"}
[info] >  node-pre-gyp info This Node instance does not support builds for N-API version 4
[info] >  node-pre-gyp info This Node instance does not support builds for N-API version 4
[info] >  2019-12-03 15:45:15.653611: I tensorflow/core/platform/cpu_feature_guard.cc:142] Your CPU supports instructions that this TensorFlow binary was not compiled to use: AVX2 FMA
[info] >  2019-12-03 15:45:15.695565: I tensorflow/core/platform/profile_utils/cpu_utils.cc:94] CPU Frequency: 3491965000 Hz
[info] >  2019-12-03 15:45:15.697652: I tensorflow/compiler/xla/service/service.cc:168] XLA service 0x3a3dda0 executing computations on platform Host. Devices:
[info] >  2019-12-03 15:45:15.697712: I tensorflow/compiler/xla/service/service.cc:175]   StreamExecutor device (0): <undefined>, <undefined>
[info] ✔  functions[app]: http function initialized (http://localhost:5001/tfjs-node-savedmodel/us-central1/app).
[debug] [2019-12-03T23:45:15.763Z] [worker-~diagnostic~-12768d8c-8fff-4dc4-93c9-12ab9302fcf4]: exited
[debug] [2019-12-03T23:45:15.763Z] [worker-~diagnostic~-12768d8c-8fff-4dc4-93c9-12ab9302fcf4]: FINISHED
[info] [hosting] Rewriting / to http://localhost:5001/tfjs-node-savedmodel/us-central1/app for local Function app
[debug] [2019-12-03T23:45:23.182Z] Accepted request GET /tfjs-node-savedmodel/us-central1/app/ --> app
[debug] [2019-12-03T23:45:23.188Z] [worker-app-0d72593c-57a1-4084-9a11-3c8a87b08a46]: Assigning socketPath: /tmp/fire_emu_181703.sock
[debug] [2019-12-03T23:45:23.188Z] [worker-app-0d72593c-57a1-4084-9a11-3c8a87b08a46]: BUSY
[debug] [2019-12-03T23:45:23.405Z] [runtime-status] [181703] Functions runtime initialized. {"cwd":"/usr/local/google/home/kangyizhang/tensorflow/tfjs-examples/firebase-object-detection-node/functions","node_version":"8.14.0"}
[debug] [2019-12-03T23:45:23.407Z] [runtime-status] [181703] Disabled runtime features: {"functions_config_helper":true,"network_filtering":true,"timeout":true,"memory_limiting":true,"admin_stubs":true,"pubsub_emulator":true}
[debug] [2019-12-03T23:45:23.408Z] [runtime-status] [181703] Resolved module firebase-admin {"declared":true,"installed":true,"version":"8.8.0","resolution":"/usr/local/google/home/kangyizhang/tensorflow/tfjs-examples/firebase-object-detection-node/functions/node_modules/firebase-admin/lib/index.js"}
[debug] [2019-12-03T23:45:23.409Z] [runtime-status] [181703] Resolved module firebase-functions {"declared":true,"installed":true,"version":"3.3.0","resolution":"/usr/local/google/home/kangyizhang/tensorflow/tfjs-examples/firebase-object-detection-node/functions/node_modules/firebase-functions/lib/index.js"}
[debug] [2019-12-03T23:45:23.410Z] [runtime-status] [181703] Resolved module firebase-functions {"declared":true,"installed":true,"version":"3.3.0","resolution":"/usr/local/google/home/kangyizhang/tensorflow/tfjs-examples/firebase-object-detection-node/functions/node_modules/firebase-functions/lib/index.js"}
[info] >  node-pre-gyp info This Node instance does not support builds for N-API version 4
[info] >  node-pre-gyp info This Node instance does not support builds for N-API version 4
[info] >  2019-12-03 15:45:23.823821: I tensorflow/core/platform/cpu_feature_guard.cc:142] Your CPU supports instructions that this TensorFlow binary was not compiled to use: AVX2 FMA
[info] >  2019-12-03 15:45:23.855716: I tensorflow/core/platform/profile_utils/cpu_utils.cc:94] CPU Frequency: 3491965000 Hz
[info] >  2019-12-03 15:45:23.857112: I tensorflow/compiler/xla/service/service.cc:168] XLA service 0x3a30150 executing computations on platform Host. Devices:
[info] >  2019-12-03 15:45:23.857139: I tensorflow/compiler/xla/service/service.cc:175]   StreamExecutor device (0): <undefined>, <undefined>
[debug] [2019-12-03T23:45:23.898Z] [runtime-status] [181703] Trigger "app" has been found, beginning invocation!
[info] i  functions: Beginning execution of "app"
[debug] [2019-12-03T23:45:23.899Z] [runtime-status] [181703] triggerDefinition {"httpsTrigger":{},"name":"app","entryPoint":"app"}
[debug] [2019-12-03T23:45:23.899Z] [runtime-status] [181703] Running app in mode HTTPS
[debug] [2019-12-03T23:45:23.902Z] [runtime-status] [181703] Attempting to listen to socketPath: /tmp/fire_emu_181703.sock
[debug] [2019-12-03T23:45:23.911Z] [functions] Runtime ready! Sending request!
[debug] [2019-12-03T23:45:23.920Z] [runtime-status] [181703] Ephemeral server handling GET request
[debug] [2019-12-03T23:45:23.926Z] [runtime-status] [181703] Ephemeral server survived.
[info] >  2019-12-03 15:45:24.451005: I tensorflow/cc/saved_model/reader.cc:31] Reading SavedModel from: ./model/new_object_detection_1
[info] >  2019-12-03 15:45:24.483830: I tensorflow/cc/saved_model/reader.cc:54] Reading meta graph with tags { serve }
[info] >  2019-12-03 15:45:24.587309: I tensorflow/cc/saved_model/loader.cc:202] Restoring SavedModel bundle.
[info] >  2019-12-03 15:45:24.975648: I tensorflow/cc/saved_model/loader.cc:151] Running initialization op on SavedModel bundle at path: ./model/new_object_detection_1
[info] >  2019-12-03 15:45:25.307578: W tensorflow/compiler/jit/mark_for_compilation_pass.cc:1412] (One-time warning): Not using XLA:CPU for cluster because envvar TF_XLA_FLAGS=--tf_xla_cpu_global_jit was not set.  If you want XLA:CPU, either set that envvar, or use experimental_jit_scope to enable XLA:CPU.  To confirm that XLA is active, pass --vmodule=xla_compilation_cache=1 (as a proper command-line flag, not via TF_XLA_FLAGS) or set the envvar XLA_FLAGS=--xla_hlo_profile.
[info] >  2019-12-03 15:45:25.317076: I tensorflow/cc/saved_model/loader.cc:311] SavedModel load for tags { serve }; Status: success. Took 866056 microseconds.
[info] i  functions: Finished "app" in ~1s
[debug] [2019-12-03T23:45:33.041Z] [worker-app-0d72593c-57a1-4084-9a11-3c8a87b08a46]: IDLE
[info] [hosting] Rewriting /predict to http://localhost:5001/tfjs-node-savedmodel/us-central1/app for local Function app
[debug] [2019-12-03T23:48:10.686Z] Accepted request POST /tfjs-node-savedmodel/us-central1/app/predict --> app
[debug] [2019-12-03T23:48:10.687Z] [worker-app-0d72593c-57a1-4084-9a11-3c8a87b08a46]: Assigning socketPath: /tmp/fire_emu_181703.sock
[debug] [2019-12-03T23:48:10.687Z] [worker-app-0d72593c-57a1-4084-9a11-3c8a87b08a46]: BUSY
[debug] [2019-12-03T23:48:10.688Z] [runtime-status] [181703] Trigger "app" has been found, beginning invocation!
[info] i  functions: Beginning execution of "app"
[debug] [2019-12-03T23:48:10.688Z] [runtime-status] [181703] triggerDefinition {"httpsTrigger":{},"name":"app","entryPoint":"app"}
[debug] [2019-12-03T23:48:10.688Z] [runtime-status] [181703] Running app in mode HTTPS
[debug] [2019-12-03T23:48:10.689Z] [runtime-status] [181703] Attempting to listen to socketPath: /tmp/fire_emu_181703.sock
[debug] [2019-12-03T23:48:10.690Z] [functions] Runtime ready! Sending request!
[debug] [2019-12-03T23:48:10.698Z] [runtime-status] [181703] Ephemeral server handling POST request
[debug] [2019-12-03T23:48:10.718Z] [runtime-status] [181703] Ephemeral server survived.
[info] i  functions: Finished "app" in ~1s
[debug] [2019-12-03T23:48:10.763Z] [worker-app-0d72593c-57a1-4084-9a11-3c8a87b08a46]: IDLE
